

Microchip Technology PIC Macro Assembler V1.45 build -152302408 
                                                                                                           Fri Feb 02 05:04:04 2018


     1                           
     2                           	; Microchip MPLAB XC8 C Compiler V1.45
     3                           	; Copyright (C) 1984-2017 HI-TECH Software
     4                           
     5                           	; Auto-generated runtime startup code for final link stage.
     6                           
     7                           	;
     8                           	; Compiler options:
     9                           	;
    10                           	; -oprojeto.cof -mprojeto.map --summary=default --output=default \
    11                           	; main.p1 serial.p1 lcd.p1 stepper.p1 --chip=16F887 -P \
    12                           	; --runtime=default --opt=default -N-1 -D__DEBUG=1 --debugger=icd2 -g \
    13                           	; --asmlist --errformat=Error   [%n] %f; %l.%c %s \
    14                           	; --msgformat=Advisory[%n] %s --warnformat=Warning [%n] %f; %l.%c %s
    15                           	;
    16                           
    17                           
    18                           	processor	16F887
    19                           
    20                           	global	_main,start,reset_vec
    21                           	fnroot	_main
    22                           	psect	config,class=CONFIG,delta=2,noexec
    23                           	psect	idloc,class=IDLOC,delta=2,noexec
    24                           	psect	code,class=CODE,delta=2
    25                           	psect	powerup,class=CODE,delta=2
    26                           	psect	reset_vec,class=CODE,delta=2
    27                           	psect	maintext,class=CODE,delta=2
    28  0000                     	Z	set	2
    29  0002                     	PCL	set	2
    30  0002                     	INDF	set	0
    31  0000                     
    32                           	STATUS	equ	3
    33  0003                     	PCLATH	equ	0Ah
    34  000A                     
    35                           	psect	eeprom_data,class=EEDATA,delta=2,space=3,noexec
    36                           	psect	intentry,class=CODE,delta=2
    37                           	psect	functab,class=ENTRY,delta=2
    38                           	global	intlevel0,intlevel1,intlevel2, intlevel3, intlevel4, intlevel5
    39                           intlevel0:
    40  0000                     intlevel1:
    41  0000                     intlevel2:
    42  0000                     intlevel3:
    43  0000                     intlevel4:
    44  0000                     intlevel5:
    45  0000                     	psect	init,class=CODE,delta=2
    46                           	psect	cinit,class=CODE,delta=2
    47                           	psect	text,class=CODE,delta=2
    48                           	psect	end_init,class=CODE,delta=2
    49                           	psect	clrtext,class=CODE,delta=2
    50                           	FSR	set	4
    51  0004                     	psect	strings,class=CODE,delta=2,reloc=256
    52                           
    53                           	global stacklo, stackhi
    54                           	stacklo	equ	0
    55  0000                     	stackhi	equ	0
    56  0000                     
    57                           
    58                           	psect	stack,class=STACK,space=2,noexec
    59                           	global ___sp,___int_sp
    60                           	___sp:
    61  0000                     	___int_sp:
    62  0000                     	psect	reset_vec
    63                           reset_vec:
    64  0000                     	nop	; NOP inserted due to debugger requirements
    65  0000  0000               
    66                           	; No powerup routine
    67                           	; No interrupt routine
    68                           
    69                           
    70                           	psect	init
    71                           start
    72  0001                     	psect	end_init
    73                           	global start_initialization
    74                           	ljmp start_initialization	;jump to C runtime clear & initialization
    75  0001  120A  118A  2FE3   
    76                           ; Config register CONFIG1 @ 0x2007
    77                           ;	Oscillator Selection bits
    78                           ;	FOSC = INTRC_NOCLKOUT, INTOSCIO oscillator: I/O function on RA6/OSC2/CLKOUT pin, I/O function on R
                                 A7/OSC1/CLKIN
    79                           ;	Watchdog Timer Enable bit
    80                           ;	WDTE = OFF, WDT disabled and can be enabled by SWDTEN bit of the WDTCON register
    81                           ;	Power-up Timer Enable bit
    82                           ;	PWRTE = OFF, PWRT disabled
    83                           ;	RE3/MCLR pin function select bit
    84                           ;	MCLRE = ON, RE3/MCLR pin function is MCLR
    85                           ;	Code Protection bit
    86                           ;	CP = OFF, Program memory code protection is disabled
    87                           ;	Data Code Protection bit
    88                           ;	CPD = OFF, Data memory code protection is disabled
    89                           ;	Brown Out Reset Selection bits
    90                           ;	BOREN = ON, BOR enabled
    91                           ;	Internal External Switchover bit
    92                           ;	IESO = ON, Internal/External Switchover mode is enabled
    93                           ;	Fail-Safe Clock Monitor Enabled bit
    94                           ;	FCMEN = ON, Fail-Safe Clock Monitor is enabled
    95                           ;	Low Voltage Programming Enable bit
    96                           ;	LVP = OFF, RB3 pin has digital I/O, HV on MCLR must be used for programming
    97                           ;	In-Circuit Debugger Mode bit
    98                           ;	DEBUG = 0x1, unprogrammed default
    99                           
   100                           	psect	config
   101                           		org 0x0
   102  2007                     		dw 0xEFF4
   103  2007  EFF4               
   104                           ; Config register CONFIG2 @ 0x2008
   105                           ;	Brown-out Reset Selection bit
   106                           ;	BOR4V = BOR40V, Brown-out Reset set to 4.0V
   107                           ;	Flash Program Memory Self Write Enable bits
   108                           ;	WRT = OFF, Write protection off
   109                           
   110                           	psect	config
   111                           		org 0x1
   112  2008                     		dw 0xFFFF
   113  2008  FFFF               


Microchip Technology PIC Macro Assembler V1.45 build -152302408 
Symbol Table                                                                                               Fri Feb 02 05:04:04 2018

               ___sp 0000                 _main 067C                 start 0001               stackhi 0000  
             stacklo 0000  start_initialization 07E3             ___int_sp 0000             intlevel0 0000  
           intlevel1 0000             intlevel2 0000             intlevel3 0000             intlevel4 0000  
           intlevel5 0000             reset_vec 0000  
